[1] 10993.84
[1] 9747.184
[1] 9731.944
[1] 31825.04
[1] 399011.5
[1] 199421.6
[1] 3174.019
[1] 7559.475
[1] 2480.245
[1] 2677.68
[1] 6390.824
[1] 5388.841
[1] 7298.515
[1] 58399.36
[1] 10684.01
[1] 7431.85
[1] 11327.72
[1] 2246.339
[1] 1340883
[1] 10295.41
[1] 14242.53
[1] 220555.4
[1] 53138.15
[1] 4416.065
[1] 349934.8
[1] 40510.42
[1] 5880.535
[1] 15839.08
[1] 9599.078
[1] 117729.8
[1] 12596.59
[1] 12113.3
[1] 18753.64
[1] 6461.597
[1] 4059.467
[1] 3215.628
[1] 12394.02
[1] 1628.731
[1] 3163.159
[1] 1964.715
[1] 805.5183
[1] 5094.602
[1] 60726.49
[1] 4431.251
[1] 4460.783
[1] 85499.31
[1] 108214.8
[1] 2665.738
[1] 5076.744
[1] 17184.51
[1] 9173.684
[1] 20605.7
[1] 4901.151
[1] 20942.46
[1] 2768.045
[1] 1443.909
[1] 99166.04
[1] 7108.227
[1] 23424.38
[1] 598503.6
[1] 96311.03
[1] 6431.433
[1] 4775
[1] 45764.46
[1] 15759.84
[1] 31747.65
[1] 17158.3
[1] 22711.38
[1] 21575.25
[1] 3397.627
[1] 466812.9
[1] 12848.65
[1] 33378.94
[1] 4247.987
[1] 11693.79
[1] 11882.34
[1] 24908.16
[1] 6650.404
[1] 218836
[1] 2539.813
[1] 15256.47
[1] 3014.473
[1] 5897.954
[1] 42226.98
[1] 25454.42
[1] 6255.561
[1] 7536.44
[1] 3645.882
[1] 7581.212
[1] 976738.2
[1] 65580.47
[1] 26126.67
[1] 157533.9
[1] 14435.88
[1] 10632.59
[1] 8881.303
[1] 6493.056
[1] 7172.133
[1] 9300.393
[1] 13118.91
[1] 3609.317
[1] 4113.182
[1] 6254.242
[1] 1680.973
[1] 4720.573
[1] 14103.36
[1] 23277.61
[1] 1181.107
[1] 6028.325
[1] 11944.66
[1] 11023.73
[1] 1703.18
[1] 17085.22
[1] 4180.985
[1] 4756.759
[1] 96978.76
[1] 7900.091
[1] 11334.22
[1] 1762.922
[1] 7715.339
[1] 5303.374
[1] 5999.966
[1] 633822.7
[1] 2623.588
[1] 371568.5
[1] 4192.673
[1] 154900.6
[1] 1430.488
[1] 11263.26
[1] 14629.75
[1] 8148.081
[1] 12148154
[1] 4518.839
[1] 3816.233
[1] 7760.518
[1] 1874.466
[1] 4719.291
[1] 1508.72
[1] 51395.79
[1] 78768.17
[1] 27709.78
[1] 17952.97
[1] 238482.2
[1] 4017.697
[1] 9416.256
[1] 4087.578
[1] -1598.206
[1] 1094.948
[1] 175384.6
[1] 1882.881
[1] 25186.5
[1] 159277.1
[1] 1098858
[1] 8426.506
[1] 9382.032
[1] 5026.78
[1] 45092.82
[1] 14957.52
[1] 4565.859
[1] 4708.262
[1] 16320.35
[1] 8412.251
[1] 3271.446
[1] 4602.841
[1] 3088.025
[1] 7675.476
[1] 6440.863
[1] 225643.5
[1] 5190.067
[1] 379674.2
[1] 86627.65
[1] 28137.74
[1] 6046.983
[1] 8997.542
[1] 1536.962
[1] 542509
[1] 3815.933
[1] 9657.287
[1] 4091.609
[1] 2011.933
[1] 1767856
[1] 11852.7
[1] 22728.59
[1] 20812.78
[1] 45755.29
[1] 3280.219
[1] 2182.307
[1] 64912.31
[1] 9790.539
[1] 851997.3
[1] 11913.51
[1] 2766.273
[1] 3254.21
[1] 5860.768
[1] 2143.977
[1] 4837.869
[1] 2225.545
[1] 51754.82
[1] 2517.303
[1] 11795.32
[1] 3441.472
[1] 177034.9
[1] 241747.8
[1] 14261.36
[1] 21066.71
[1] 14574.83
[1] 4292.702
[1] 5521.742
[1] 7019.457
[1] 3955.45
[1] 44124.35
[1] 2623.077
[1] 6537.566
[1] 2862.226
[1] 9788950
[1] 524.259
[1] 1693.543
[1] 57892.29
[1] 5750.383
[1] 18067.2
[1] 1910.187
[1] 1212296
[1] 14236.8
[1] 6409.587
[1] 18998.2
[1] 159559.3
[1] 3203.545
[1] 39931.03
[1] 7781.661
[1] 6369.009
[1] 2380.336
[1] 2192.445
[1] 437781.7
[1] 2897.592
[1] 46933.89
[1] 7389.709
[1] 3485.816
[1] 512715.6
[1] 2566.868
[1] 6705.514
[1] 2042.503
[1] 3007.72
[1] 12711.78
[1] 1427.288
[1] 675925.3
[1] 1604.483
[1] 3411.002
[1] 3054.594
[1] 3581.787
[1] 7617.912
[1] 1283.23
[1] 7769.022
[1] 4356.817
[1] 350788.3
[1] 8075.439
[1] 8772.856
[1] 1447.225
[1] 2594.554
[1] 102465.5
[1] 7080.557
[1] 15498.93
[1] 7414.357
[1] 16864.58
[1] 5344.468
[1] 16196.79
[1] 138917.2
[1] 11227.71
[1] 2217.027
[1] 2327.793
[1] 13580.62
[1] 31073.85
[1] 8212.755
[1] 940885
[1] 24440.66
[1] 8051.934
[1] 14934.82
[1] 7827.862
[1] 1917.8
[1] 54717.65
[1] 27864.64
[1] 5342.374
[1] 2952.031
[1] 7478.255
[1] 2453.137
[1] 27434.49
[1] 2625.877
[1] 3081.741
[1] 8917.02
[1] 987.4422
[1] 46893.39
[1] 5355.972
[1] 771015.8
[1] 8388.311
[1] 442446.7
[1] 1466.607
[1] 7370.152
[1] 4954.105
[1] 4164.622
[1] 15428.15
[1] 8360.033
[1] 10773.52
[1] 15538.04
[1] 5773.098
[1] 16388.62
[1] 4641.578
[1] 1622.871
[1] 9233.742
[1] 1989216
[1] 1857.591
[1] 90968.38
[1] 53398.74
[1] 3180.936
[1] 9095.633
[1] 6042.079
[1] 32291.03
[1] 3275.171
[1] 3105.38
[1] 4623.478
[1] 1052719
[1] 1908.141
[1] 0
[1] 14931.7
[1] 1984116
[1] 24950.9
[1] 7750.543
[1] 2475.111
[1] 2224.237
[1] 8017.704
[1] 13867.86
[1] 3839.577
[1] 3512.721
[1] 206269.9
[1] 2109046
[1] 21037.57
[1] 9517.615
[1] -193.5857
[1] 4170.087
[1] 20603.12
[1] 1958.579
[1] 85458.88
[1] 3795.974
[1] 12591.19
[1] 12264.68
[1] 15672.26
[1] 12115.83
[1] 9422.671
[1] 3900.947
[1] 3689.897
[1] 2718.94
[1] 2918.197
[1] 3122.036
[1] 278799.6
[1] 2768.179
[1] 5839.13
[1] 1386.135
[1] 39160.57
[1] 14612.01
[1] 8765.593
[1] 7432.269
[1] 1825.409
[1] 2308.271
[1] 2960.685
[1] 134073.1
[1] 1392.362
[1] 12279.37
[1] 11264.67
[1] 91478.07
[1] 1010048
[1] 16546.52
[1] 1067.798
[1] 1557.252
[1] 11092.67
[1] 22669.4
[1] 3531.253
[1] 2482.825
[1] 3626.826
[1] 48648.85
[1] 17783.91
[1] 77989.48
[1] 6527.865
[1] 4952.513
[1] 2442.327
[1] 3883.094
[1] 287739
[1] 4981.176
[1] 6054.313
[1] 4398.319
[1] 8685.301
[1] 2154.541
[1] 5399.056
[1] 1506.964
[1] 808.9713
[1] 44451.14
[1] 2931.371
[1] 5128.491
[1] 12160.87
[1] 1313.186
[1] 4752.717
[1] 24511.18
[1] 17526.19
[1] 7124.599
[1] 308289
[1] 2645.14
[1] 30425.1
[1] 4870.39
[1] 9668.932
[1] 10339.43
[1] 8894.803
[1] 8510.723
[1] 12424.01
[1] 1541.278
[1] 2715.023
[1] 4345.264
[1] 2011.553
[1] 30351.93
[1] 1739.914
[1] 112343.5
[1] 1534.858
[1] 4292.173
[1] 6534.279
[1] 26612.88
[1] 28419.78
[1] 24855.62
[1] 12364.65
[1] 4026.456
[1] 1146438
[1] 3589.565
[1] 2647.962
[1] 169150.4
[1] 3194.998
[1] 4907.636
[1] 3708.541
[1] 1432630
[1] 1780.095
[1] 47775.8
[1] 9916.103
[1] 4885.472
[1] 90245.22
[1] 37850.11
[1] 3942.877
[1] 21510.62
[1] 1654.123
[1] 2582.938
[1] 0
[1] 10054.31
[1] 17631.08
[1] 7364.73
[1] 61860.18
[1] 8138.024
[1] 5396.977
[1] 26678.73
[1] 987333.4
[1] 135542
[1] 6584.706
[1] 126139.4
[1] 20028.12
[1] 1518.231
[1] 2702.456
[1] 7647.029
[1] 7045.933
[1] 6427.738
[1] 1191.654
[1] 3324901
[1] 4613.537
[1] 3564.344
[1] 5273.498
[1] 5408596
[1] 3591.206
[1] 12031.21
[1] 1131758
[1] 115605.1
[1] NA
[1] 5199.355
[1] 7171.644
[1] 0
[1] 20291.23
[1] 15627.95
[1] 68522.75
[1] 8720.924
[1] 33175.39
[1] 2810.973
[1] 2270.31
[1] 3148.201
[1] 31538.36
[1] 0
[1] 2399.089
[1] 32450.46
[1] 9798.193
[1] 1173.252
[1] 1721.267
[1] 3867.365
[1] 16708.66
[1] 2148.751
[1] 2988.284
[1] 3413.488
[1] 68304.9
[1] 27153.65
[1] 2910.129
[1] 15688.07
[1] 265719.2
[1] 13269.31
[1] 53282.58
[1] 10730.87
[1] 2125.363
[1] 4341934
[1] 2827.761
[1] 2571.467
[1] 6625.951
[1] 6417.259
[1] 17550.76
[1] 5369.887
[1] 4071.251
[1] 3254.144
[1] 12304.36
[1] 4566.349
[1] 2133.264
[1] 13715.29
[1] 173366.4
[1] 12617.81
[1] 1748.896
[1] 7274.869
[1] 34346.26
[1] 6414.098
[1] 2131.801
[1] 3077.844
[1] 50395.34
[1] 29951.45
[1] -85531.55
[1] 8955.251
[1] 6139.478
[1] 2025.228
[1] 19653.1
[1] 71626.89
[1] 7271.963
[1] 10818.09
[1] 1858.552
[1] 11191.32
[1] 2783.265
[1] 15618.6
[1] 117452.5
[1] 2072.471
[1] 4541.938
[1] 7634.15
[1] 9879.257
[1] 3400.381
[1] 604269
[1] 5613.367
[1] 3150.827
[1] 1370.373
[1] 1795.628
[1] 906.0408
[1] 139097.6
[1] 26418.75
[1] 6298.54
[1] 34521.97
[1] 22938.12
[1] 2597.151
[1] 3440.101
[1] 6873.767
[1] 8373.656
[1] 1316.841
[1] 41356.06
[1] 301155.8
[1] 38191.3
[1] 9747.909
[1] 2370.94
[1] 22529.28
[1] 5893.304
[1] 25910.9
[1] 28487.41
[1] 59705.51
[1] 2028.96
[1] 3095.283
[1] 672258.8
[1] 10604.52
[1] 2186.165
[1] 7637.94
[1] 13206.4
[1] 5350.036
[1] 371311.7
[1] 1239.472
[1] 2929.272
[1] 7294.336
[1] 5305.086
[1] 0
[1] 26941293
[1] 2028.243
[1] 7932.144
[1] 8981.578
[1] 1972.473
[1] 2370.425
[1] 10079.5
[1] 4498.225
[1] NA
[1] 19906.64
[1] 5547.296
[1] 26142.61
[1] 3019.099
[1] 4049909
[1] 2296.337
[1] 2888.59
[1] 5723.915
[1] 1970.064
[1] 2284.167
[1] 7484.398
[1] 16201.3
[1] 3333.688
[1] 1609.935
[1] 12292.91
[1] 2504.304
[1] 2241.146
[1] 40815.64
[1] 26047.89
[1] 77005.86
[1] 28233310
[1] 28906.37
[1] 406402.7
[1] 9450.793
[1] 14124.46
[1] 2524.841
[1] 2812.934
[1] -103.0503
[1] 4480.132
[1] 3899.029
[1] 22789.76
[1] 65634.18
[1] 2310.662
[1] 2603.963
[1] 6195.761
[1] 404741.1
[1] 127726.5
[1] 3467.92
[1] 2279.844
[1] 6877.495
[1] 340907.4
[1] 3121.906
[1] 11723.96
[1] 4659.055
[1] 2662.341
[1] 71378.22
[1] 10749.46
[1] 1724.522
[1] 46351.48
[1] 88762.8
[1] 1326.336
[1] 1797.016
[1] 0
[1] 163582
[1] 10327.8
[1] 3012.876
[1] 276228.3
[1] 189654
[1] 7448.832
[1] 22670.86
[1] 330634.5
[1] 26598.34
[1] 10526.25
[1] 1755.125
[1] 2745178
[1] 1846326
[1] 20036.01
[1] 4759.625
[1] 974716.9
[1] 16924.82
[1] 3673.303
[1] 10309.19
[1] 7366.891
[1] 0
[1] 3697.54
[1] 6167.304
[1] 2713.6
[1] 10217.52
[1] 8360.575
[1] 15523.77
[1] 6271.336
[1] 2622.704
[1] 13166.44
[1] 3884.615
[1] 11906.33
[1] 12844.73
[1] 5130.665
[1] 14012.26
[1] 2081.861
[1] 8751.562
[1] 942.8532
[1] 0
[1] 5370.678
[1] 9915.293
[1] 8003.613
[1] 4604.116
[1] 6860.993
[1] 5881.773
[1] 13904.93
[1] 1905.848
[1] 4857.115
[1] 285108.3
[1] 20972.96
[1] 11412.66
[1] 3603.643
[1] 1999.081
[1] 4585.562
[1] 13536.71
[1] 48459.13
[1] 25042.03
[1] 7133.002
[1] 20445.01
[1] -523.842
[1] 15196.18
[1] 8627.833
[1] 16901.68
[1] 19698.51
[1] 1831.311
[1] 2123.114
[1] 447536.9
[1] 9545.7
[1] 8424.033
[1] 94356.28
[1] 2841.873
[1] 3004.847
[1] 1483.572
[1] 12972.33
[1] 1463523
[1] 10988.2
[1] 12664.31
[1] 5808.658
[1] 54621.9
[1] 7317.667
[1] 8561.225
[1] 1959.027
[1] 3375.22
[1] 8904.331
[1] 0
[1] 1790.418
[1] 24853.9
[1] 4800.634
[1] 35056.21
[1] 188518
[1] 3037.419
[1] 2467.061
[1] 2251.469
[1] 10679.43
[1] 2349.036
[1] 2342.422
[1] 2128.693
[1] 4107.008
[1] 11292.17
[1] 20535.05
[1] 2952.68
[1] 3113.338
[1] 5758.099
[1] 1196.595
[1] 7820.293
[1] 818.5193
[1] 10431.66
[1] 17247.83
[1] 7609.809
[1] 33781.93
[1] 3649.503
[1] 1847.632
[1] 41526.82
[1] 3746.989
[1] 101344.9
[1] 11393.17
[1] 6743.748
[1] 4744.162
[1] 1859.25
[1] 5857.73
[1] 7911.02
[1] 3963.387
[1] 2724.953
[1] 20659.51
[1] 3129.109
[1] 25307.86
[1] -270.0952
[1] 2100.044
[1] 21472.47
[1] 15884.72
[1] 23956.46
[1] 621.9906
[1] 425330.8
[1] 63990.39
[1] 9596.076
[1] 2271.333
[1] 102999.5
[1] 4632.138
[1] 5646.605
[1] 18941.01
[1] 405512.2
[1] 2060.186
[1] 1104.295
[1] 2776.175
[1] 3593.653
[1] 2001.257
[1] 4778.559
[1] 29412.26
[1] 4053.797
[1] 21265.68
[1] 4180.236
[1] -381.674
[1] 16720.99
[1] 0
[1] 2456.907
[1] 339750.5
[1] 9740.384
[1] 1793.488
[1] 304684
[1] 1273.763
[1] 3423.738
[1] 3882.872
[1] 2671.582
[1] 25581.2
[1] 35038.45
[1] 43475.54
[1] 13470.95
[1] 4472.163
[1] 23453.28
[1] 7957.449
[1] 2237.277
[1] 2607.598
[1] 5561.309
[1] 9922.616
[1] 12049.56
[1] 413623.6
[1] 8531.075
[1] 1796.505
[1] 3342.197
[1] 9876.11
[1] 2202.329
[1] 11163.13
[1] 1161.289
[1] 4430.234
[1] 16846.85
[1] 1769.187
[1] 1974.849
[1] 19826.03
[1] 2902.789
[1] 8668.501
[1] 106238.9
[1] 4898.342
[1] 14570.08
[1] 5115.321
[1] 11705.79
[1] 4389.64
[1] 3535.445
[1] 3557.571
[1] 41603.4
[1] 123350.5
[1] 479230.9
[1] 15060.95
[1] 1440.173
[1] 3738.382
[1] 6780.584
[1] 42874.83
[1] 3166.778
[1] 2757.173
[1] 9962.598
[1] 1909.238
[1] 5028.983
[1] 146065.5
[1] 30842.49
[1] 36630.53
[1] 18515.25
[1] 4047.502
[1] 6044.712
[1] 1857.704
[1] 5636.612
[1] 640672
[1] 12016.29
[1] 2691.3
[1] 846.8343
[1] 1455.775
[1] 13072.04
[1] 8481.106
[1] 5086.986
[1] 3846.892
[1] 64727.14
[1] 5483.976
[1] 6121.94
[1] 7163.68
[1] 807842.9
[1] 1949.817
[1] 5431.571
[1] 22365
[1] 5935.725
[1] 2253.486
[1] 13822.75
[1] 7559.459
[1] 6400.18
[1] 86429.52
[1] 10323.31
[1] 7045.952
[1] 5346.815
[1] 1977.907
[1] 414776.2
[1] 3152.662
[1] 755.7931
[1] 14841.09
[1] 2814.009
[1] 6356.586
[1] 0
[1] 569694.9
[1] 24686.23
[1] 14368.05
[1] 5037.545
[1] 11143.12
[1] 15382.02
[1] 6500.947
[1] 21030.24
[1] 39353.96
[1] 249799.2
[1] 5359.721
[1] 2519.873
[1] 1912136
[1] 200178.8
[1] 1613.584
[1] 8192.321
[1] 366668.3
[1] 5163.565
[1] 4164.036
[1] 12996.39
[1] 87337.51
[1] 2446.72
[1] 1189.277
[1] 8401.052
[1] 33138.3
[1] 30770.34
[1] 285156.4
[1] 10645.62
[1] 12248.41
[1] 25299.13
[1] 4468.284
[1] -657.7647
[1] 636345.2
[1] 70854.87
[1] 4936.703
[1] 3459.537
[1] 20317
[1] 0
[1] 3120.183
[1] 1612.366
[1] 239019.6
[1] 9718.876
[1] 9029.194
[1] 2269.038
[1] 5770.091
[1] 5400.367
[1] 3728.378
[1] 91079.59
[1] 3750.625
[1] 3793.143
[1] 3500.478
[1] 6817.354
[1] 6367.603
[1] 19309.5
[1] 17186.19
[1] 2371.836
[1] 6345.056
[1] 3147.841
[1] 10359.34
[1] 2415.504
[1] 220974.8
[1] 10549.36
[1] 158767.6
[1] 5568.244
[1] 5415.37
[1] 2247.122
[1] 4026.401
[1] 7102.006
[1] 7492.485
[1] 1810.032
[1] 4667.435
[1] 8218.437
[1] 6608.597
[1] 15632.25
[1] 5058.572
[1] 9993.662
[1] 5506.527
[1] 2821.592
[1] 2292.293
[1] 1551.267
[1] 205100.8
[1] 6336.453
[1] 14784.46
[1] 486876.3
[1] 17765.07
[1] 93001.21
[1] 48378.51
[1] 22688.21
[1] 23680.63
[1] 39204.19
[1] 193753.5
[1] 4846.811
[1] 299067.7
[1] 2353.292
[1] 4801.82
[1] 30276.4
[1] 810.8923
[1] 26194.08
[1] 18703.03
[1] 6168.114
